<?xml version="1.0" encoding="UTF-8"?><testrun name="java" project="sise-sibs" tests="37" started="37" failures="1" errors="0" ignored="0">
  <testsuite name="pt.ulisboa.tecnico.learnjava.sibs.sibs.GetNumberOfOperationsMethodTest" time="0.002">
    <testcase name="success" classname="pt.ulisboa.tecnico.learnjava.sibs.sibs.GetNumberOfOperationsMethodTest" time="0.002"/>
  </testsuite>
  <testsuite name="pt.ulisboa.tecnico.learnjava.sibs.sibs.TransferOperationStateInterfaceTest" time="0.017">
    <testcase name="processInterfaceRegistredCancelled" classname="pt.ulisboa.tecnico.learnjava.sibs.sibs.TransferOperationStateInterfaceTest" time="0.013"/>
    <testcase name="processInterfaceDepositedCancelled" classname="pt.ulisboa.tecnico.learnjava.sibs.sibs.TransferOperationStateInterfaceTest" time="0.002"/>
    <testcase name="processInterfaceCompletedCancelled" classname="pt.ulisboa.tecnico.learnjava.sibs.sibs.TransferOperationStateInterfaceTest" time="0.001"/>
    <testcase name="processInterfaceStatesSameBank" classname="pt.ulisboa.tecnico.learnjava.sibs.sibs.TransferOperationStateInterfaceTest" time="0.0"/>
    <testcase name="processInterfaceStatesDifferentBanks" classname="pt.ulisboa.tecnico.learnjava.sibs.sibs.TransferOperationStateInterfaceTest" time="0.0"/>
  </testsuite>
  <testsuite name="pt.ulisboa.tecnico.learnjava.sibs.operation.CommissionMethodTest" time="0.001">
    <testcase name="transferOperation15" classname="pt.ulisboa.tecnico.learnjava.sibs.operation.CommissionMethodTest" time="0.0"/>
    <testcase name="transferOperation1000" classname="pt.ulisboa.tecnico.learnjava.sibs.operation.CommissionMethodTest" time="0.0"/>
    <testcase name="paymentOperation1000" classname="pt.ulisboa.tecnico.learnjava.sibs.operation.CommissionMethodTest" time="0.0"/>
    <testcase name="paymentOperation1" classname="pt.ulisboa.tecnico.learnjava.sibs.operation.CommissionMethodTest" time="0.001"/>
    <testcase name="paymentOperation15" classname="pt.ulisboa.tecnico.learnjava.sibs.operation.CommissionMethodTest" time="0.0"/>
    <testcase name="transferOperation1" classname="pt.ulisboa.tecnico.learnjava.sibs.operation.CommissionMethodTest" time="0.0"/>
  </testsuite>
  <testsuite name="pt.ulisboa.tecnico.learnjava.sibs.sibs.RemoveOperationMethodTest" time="0.001">
    <testcase name="success" classname="pt.ulisboa.tecnico.learnjava.sibs.sibs.RemoveOperationMethodTest" time="0.0"/>
    <testcase name="positionAboveLength" classname="pt.ulisboa.tecnico.learnjava.sibs.sibs.RemoveOperationMethodTest" time="0.0"/>
    <testcase name="negativePosition" classname="pt.ulisboa.tecnico.learnjava.sibs.sibs.RemoveOperationMethodTest" time="0.001"/>
  </testsuite>
  <testsuite name="pt.ulisboa.tecnico.learnjava.sibs.sibs.GetTotalValueOfOperationsMethodTest" time="0.0">
    <testcase name="successTwo" classname="pt.ulisboa.tecnico.learnjava.sibs.sibs.GetTotalValueOfOperationsMethodTest" time="0.0"/>
  </testsuite>
  <testsuite name="pt.ulisboa.tecnico.learnjava.sibs.sibs.TransferMethodTest" time="0.453">
    <testcase name="successComissionTransfer" classname="pt.ulisboa.tecnico.learnjava.sibs.sibs.TransferMethodTest" time="0.449"/>
    <testcase name="failedTransfer" classname="pt.ulisboa.tecnico.learnjava.sibs.sibs.TransferMethodTest" time="0.001"/>
    <testcase name="failedTransferInactiveTargetAccount" classname="pt.ulisboa.tecnico.learnjava.sibs.sibs.TransferMethodTest" time="0.001"/>
    <testcase name="successStandardTransfer" classname="pt.ulisboa.tecnico.learnjava.sibs.sibs.TransferMethodTest" time="0.002"/>
  </testsuite>
  <testsuite name="pt.ulisboa.tecnico.learnjava.sibs.operation.TransferOperationConstructorMethodTest" time="0.0">
    <testcase name="success" classname="pt.ulisboa.tecnico.learnjava.sibs.operation.TransferOperationConstructorMethodTest" time="0.0"/>
    <testcase name="nullTargetIban" classname="pt.ulisboa.tecnico.learnjava.sibs.operation.TransferOperationConstructorMethodTest" time="0.0"/>
    <testcase name="nonPositiveValue" classname="pt.ulisboa.tecnico.learnjava.sibs.operation.TransferOperationConstructorMethodTest" time="0.0"/>
    <testcase name="emptySourceIban" classname="pt.ulisboa.tecnico.learnjava.sibs.operation.TransferOperationConstructorMethodTest" time="0.0"/>
    <testcase name="nullSourceIban" classname="pt.ulisboa.tecnico.learnjava.sibs.operation.TransferOperationConstructorMethodTest" time="0.0"/>
    <testcase name="emptyTargetIban" classname="pt.ulisboa.tecnico.learnjava.sibs.operation.TransferOperationConstructorMethodTest" time="0.0"/>
  </testsuite>
  <testsuite name="pt.ulisboa.tecnico.learnjava.sibs.operation.PaymentOperationConstructorMethodTest" time="0.001">
    <testcase name="success" classname="pt.ulisboa.tecnico.learnjava.sibs.operation.PaymentOperationConstructorMethodTest" time="0.001"/>
    <testcase name="nullTargetIban" classname="pt.ulisboa.tecnico.learnjava.sibs.operation.PaymentOperationConstructorMethodTest" time="0.0"/>
    <testcase name="emptyTargetIban" classname="pt.ulisboa.tecnico.learnjava.sibs.operation.PaymentOperationConstructorMethodTest" time="0.0"/>
  </testsuite>
  <testsuite name="pt.ulisboa.tecnico.learnjava.sibs.sibs.GetOperationMethodTest" time="0.0">
    <testcase name="success" classname="pt.ulisboa.tecnico.learnjava.sibs.sibs.GetOperationMethodTest" time="0.0"/>
    <testcase name="positionAboveLength" classname="pt.ulisboa.tecnico.learnjava.sibs.sibs.GetOperationMethodTest" time="0.0"/>
    <testcase name="negativePosition" classname="pt.ulisboa.tecnico.learnjava.sibs.sibs.GetOperationMethodTest" time="0.0"/>
  </testsuite>
  <testsuite name="pt.ulisboa.tecnico.learnjava.sibs.sibs.AddOperationMethodTest" time="0.001">
    <testcase name="success" classname="pt.ulisboa.tecnico.learnjava.sibs.sibs.AddOperationMethodTest" time="0.0"/>
    <testcase name="successWithDelete" classname="pt.ulisboa.tecnico.learnjava.sibs.sibs.AddOperationMethodTest" time="0.0"/>
    <testcase name="failIsFull" classname="pt.ulisboa.tecnico.learnjava.sibs.sibs.AddOperationMethodTest" time="0.001"/>
  </testsuite>
  <testsuite name="pt.ulisboa.tecnico.learnjava.sibs.sibs.TransferMethodStateTest" time="0.003">
    <testcase name="success" classname="pt.ulisboa.tecnico.learnjava.sibs.sibs.TransferMethodStateTest" time="0.003">
      <failure>java.lang.AssertionError: expected:&lt;900&gt; but was:&lt;894&gt;&#13;
	at org.junit.Assert.fail(Assert.java:88)&#13;
	at org.junit.Assert.failNotEquals(Assert.java:834)&#13;
	at org.junit.Assert.assertEquals(Assert.java:645)&#13;
	at org.junit.Assert.assertEquals(Assert.java:631)&#13;
	at pt.ulisboa.tecnico.learnjava.sibs.sibs.TransferMethodStateTest.success(TransferMethodStateTest.java:52)&#13;
	at java.base/jdk.internal.reflect.NativeMethodAccessorImpl.invoke0(Native Method)&#13;
	at java.base/jdk.internal.reflect.NativeMethodAccessorImpl.invoke(NativeMethodAccessorImpl.java:62)&#13;
	at java.base/jdk.internal.reflect.DelegatingMethodAccessorImpl.invoke(DelegatingMethodAccessorImpl.java:43)&#13;
	at java.base/java.lang.reflect.Method.invoke(Method.java:566)&#13;
	at org.junit.runners.model.FrameworkMethod$1.runReflectiveCall(FrameworkMethod.java:50)&#13;
	at org.junit.internal.runners.model.ReflectiveCallable.run(ReflectiveCallable.java:12)&#13;
	at org.junit.runners.model.FrameworkMethod.invokeExplosively(FrameworkMethod.java:47)&#13;
	at org.junit.internal.runners.statements.InvokeMethod.evaluate(InvokeMethod.java:17)&#13;
	at org.junit.internal.runners.statements.RunBefores.evaluate(RunBefores.java:26)&#13;
	at org.junit.internal.runners.statements.RunAfters.evaluate(RunAfters.java:27)&#13;
	at org.junit.runners.ParentRunner.runLeaf(ParentRunner.java:325)&#13;
	at org.junit.runners.BlockJUnit4ClassRunner.runChild(BlockJUnit4ClassRunner.java:78)&#13;
	at org.junit.runners.BlockJUnit4ClassRunner.runChild(BlockJUnit4ClassRunner.java:57)&#13;
	at org.junit.runners.ParentRunner$3.run(ParentRunner.java:290)&#13;
	at org.junit.runners.ParentRunner$1.schedule(ParentRunner.java:71)&#13;
	at org.junit.runners.ParentRunner.runChildren(ParentRunner.java:288)&#13;
	at org.junit.runners.ParentRunner.access$000(ParentRunner.java:58)&#13;
	at org.junit.runners.ParentRunner$2.evaluate(ParentRunner.java:268)&#13;
	at org.junit.runners.ParentRunner.run(ParentRunner.java:363)&#13;
	at org.eclipse.jdt.internal.junit4.runner.JUnit4TestReference.run(JUnit4TestReference.java:89)&#13;
	at org.eclipse.jdt.internal.junit.runner.TestExecution.run(TestExecution.java:41)&#13;
	at org.eclipse.jdt.internal.junit.runner.RemoteTestRunner.runTests(RemoteTestRunner.java:541)&#13;
	at org.eclipse.jdt.internal.junit.runner.RemoteTestRunner.runTests(RemoteTestRunner.java:763)&#13;
	at org.eclipse.jdt.internal.junit.runner.RemoteTestRunner.run(RemoteTestRunner.java:463)&#13;
	at org.eclipse.jdt.internal.junit.runner.RemoteTestRunner.main(RemoteTestRunner.java:209)&#13;
&#13;
</failure>
    </testcase>
  </testsuite>
  <testsuite name="pt.ulisboa.tecnico.learnjava.sibs.sibs.GetTotalValueOfOperationsForTypeMethodTest" time="0.0">
    <testcase name="successTwo" classname="pt.ulisboa.tecnico.learnjava.sibs.sibs.GetTotalValueOfOperationsForTypeMethodTest" time="0.0"/>
  </testsuite>
</testrun>
